#
# A fatal error has been detected by the Java Runtime Environment:
#
#  EXCEPTION_UNCAUGHT_CXX_EXCEPTION (0xe06d7363) at pc=0x00007ffdfbe3a799, pid=872, tid=0x0000000000000174
#
# JRE version: Java(TM) SE Runtime Environment (8.0_311-b11) (build 1.8.0_311-b11)
# Java VM: Java HotSpot(TM) 64-Bit Server VM (25.311-b11 mixed mode windows-amd64 compressed oops)
# Problematic frame:
# C  [KERNELBASE.dll+0x3a799]
#
# Failed to write core dump. Minidumps are not enabled by default on client versions of Windows
#
# If you would like to submit a bug report, please visit:
#   http://bugreport.java.com/bugreport/crash.jsp
# The crash happened outside the Java Virtual Machine in native code.
# See problematic frame for where to report the bug.
#

---------------  T H R E A D  ---------------

Current thread (0x000001ec0e1e9800):  JavaThread "Thread-1" [_thread_in_native, id=372, stack(0x0000007948a00000,0x0000007948b00000)]

siginfo: ExceptionCode=0xe06d7363, ExceptionInformation=0x0000000019930520 0x0000007948aee4b8 0x00007ff6ac0f079c 0x00007ff6abfa0000 

Registers:
RAX=0x0000000000000000, RBX=0x00007ff6ac0f079c, RCX=0x0000000000000000, RDX=0x0000000000000000
RSP=0x0000007948aee350, RBP=0x0000007948aee630, RSI=0x0000007948aee4b8, RDI=0x0000000019930520
R8 =0x0000000000000000, R9 =0x0000000000000000, R10=0x0000000000000000, R11=0x0000000000000000
R12=0x00007ff6ac0d1df0, R13=0x00007ff6ac0c4788, R14=0x00007ff6ac0d31a8, R15=0x0000007948aee6d8
RIP=0x00007ffdfbe3a799, EFLAGS=0x0000000000000206

Top of Stack: (sp=0x0000007948aee350)
0x0000007948aee350:   00007ff6ac0c4788 00007ff6ac0f079c
0x0000007948aee360:   0000007948aee4b8 00007ff6ac033c18
0x0000007948aee370:   00000001e06d7363 0000000000000000
0x0000007948aee380:   00007ffdfbe3a799 0000000000000004
0x0000007948aee390:   0000000019930520 0000007948aee4b8
0x0000007948aee3a0:   00007ff6ac0f079c 00007ff6abfa0000
0x0000007948aee3b0:   00007ff6ac0c4788 00007ff6ac0d1df0
0x0000007948aee3c0:   0000007948aee4b8 0000007948aee630
0x0000007948aee3d0:   0000007948aee450 00007ffdfe1ff41f
0x0000007948aee3e0:   0000000019930520 00007ff600000000
0x0000007948aee3f0:   0000000000000002 0000000000000001
0x0000007948aee400:   00007ff6ac0f1000 00007ff6abfa0000
0x0000007948aee410:   000061b293a4fdc4 0000000000000056
0x0000007948aee420:   00007ff6ac0f079c 00007ffdd87d4880
0x0000007948aee430:   0000000000000005 0000007948aee468
0x0000007948aee440:   00007ff6ac0365e0 0000000000000000 

Instructions: (pc=0x00007ffdfbe3a799)
0x00007ffdfbe3a779:   8b d1 44 0f 47 c0 44 89 44 24 38 49 c1 e0 03 e8
0x00007ffdfbe3a789:   da 4e 05 00 48 8d 4c 24 20 48 ff 15 1f c8 16 00
0x00007ffdfbe3a799:   0f 1f 44 00 00 48 8b 8c 24 c0 00 00 00 48 33 cc
0x00007ffdfbe3a7a9:   e8 72 ef 04 00 48 81 c4 d8 00 00 00 c3 83 64 24 


Register to memory mapping:

RAX=0x0000000000000000 is an unknown value
RBX=0x00007ff6ac0f079c is an unknown value
RCX=0x0000000000000000 is an unknown value
RDX=0x0000000000000000 is an unknown value
RSP=0x0000007948aee350 is pointing into the stack for thread: 0x000001ec0e1e9800
RBP=0x0000007948aee630 is pointing into the stack for thread: 0x000001ec0e1e9800
RSI=0x0000007948aee4b8 is pointing into the stack for thread: 0x000001ec0e1e9800
RDI=0x0000000019930520 is an unknown value
R8 =0x0000000000000000 is an unknown value
R9 =0x0000000000000000 is an unknown value
R10=0x0000000000000000 is an unknown value
R11=0x0000000000000000 is an unknown value
R12=0x00007ff6ac0d1df0 is an unknown value
R13=0x00007ff6ac0c4788 is an unknown value
R14=0x00007ff6ac0d31a8 is an unknown value
R15=0x0000007948aee6d8 is pointing into the stack for thread: 0x000001ec0e1e9800


Stack: [0x0000007948a00000,0x0000007948b00000],  sp=0x0000007948aee350,  free space=952k
Native frames: (J=compiled Java code, j=interpreted, Vv=VM code, C=native code)
C  [KERNELBASE.dll+0x3a799]

Java frames: (J=compiled Java code, j=interpreted, Vv=VM code)
j  GeeCo.get_block_height()J+0
j  Test.getheight(Ljava/lang/String;)Ljava/lang/String;+9
v  ~StubRoutines::call_stub

---------------  P R O C E S S  ---------------

Java Threads: ( => current thread )
=>0x000001ec0e1e9800 JavaThread "Thread-1" [_thread_in_native, id=372, stack(0x0000007948a00000,0x0000007948b00000)]
  0x000001ec2abc0800 JavaThread "Service Thread" daemon [_thread_blocked, id=16864, stack(0x0000007949f00000,0x000000794a000000)]
  0x000001ec298b7800 JavaThread "C1 CompilerThread3" daemon [_thread_blocked, id=2732, stack(0x0000007949e00000,0x0000007949f00000)]
  0x000001ec298b3800 JavaThread "C2 CompilerThread2" daemon [_thread_blocked, id=4324, stack(0x0000007949d00000,0x0000007949e00000)]
  0x000001ec298b3000 JavaThread "C2 CompilerThread1" daemon [_thread_blocked, id=5008, stack(0x0000007949c00000,0x0000007949d00000)]
  0x000001ec29856800 JavaThread "C2 CompilerThread0" daemon [_thread_blocked, id=6556, stack(0x0000007949b00000,0x0000007949c00000)]
  0x000001ec29855800 JavaThread "Attach Listener" daemon [_thread_blocked, id=16672, stack(0x0000007949a00000,0x0000007949b00000)]
  0x000001ec298aa000 JavaThread "Signal Dispatcher" daemon [_thread_blocked, id=16096, stack(0x0000007949900000,0x0000007949a00000)]
  0x000001ec29822800 JavaThread "Finalizer" daemon [_thread_blocked, id=24292, stack(0x0000007949800000,0x0000007949900000)]
  0x000001ec2981b800 JavaThread "Reference Handler" daemon [_thread_blocked, id=17228, stack(0x0000007949700000,0x0000007949800000)]

Other Threads:
  0x000001ec28c1e800 VMThread [stack: 0x0000007949600000,0x0000007949700000] [id=16520]
  0x000001ec298ce000 WatcherThread [stack: 0x000000794a000000,0x000000794a100000] [id=23052]

VM state:not at safepoint (normal execution)

VM Mutex/Monitor currently owned by a thread: None

heap address: 0x00000006c4e00000, size: 4018 MB, Compressed Oops mode: Zero based, Oop shift amount: 3
Narrow klass base: 0x0000000000000000, Narrow klass shift: 3
Compressed class space size: 1073741824 Address: 0x00000007c0000000

Heap:
 PSYoungGen      total 75264K, used 5161K [0x000000076c500000, 0x0000000771900000, 0x00000007c0000000)
  eden space 64512K, 8% used [0x000000076c500000,0x000000076ca0a6d8,0x0000000770400000)
  from space 10752K, 0% used [0x0000000770e80000,0x0000000770e80000,0x0000000771900000)
  to   space 10752K, 0% used [0x0000000770400000,0x0000000770400000,0x0000000770e80000)
 ParOldGen       total 172032K, used 0K [0x00000006c4e00000, 0x00000006cf600000, 0x000000076c500000)
  object space 172032K, 0% used [0x00000006c4e00000,0x00000006c4e00000,0x00000006cf600000)
 Metaspace       used 2444K, capacity 4480K, committed 4480K, reserved 1056768K
  class space    used 262K, capacity 384K, committed 384K, reserved 1048576K

Card table byte_map: [0x000001ec1f040000,0x000001ec1f820000] byte_map_base: 0x000001ec1ba19000

Marking Bits: (ParMarkBitMap*) 0x0000000070ac8030
 Begin Bits: [0x000001ec1fd60000, 0x000001ec23c28000)
 End Bits:   [0x000001ec23c28000, 0x000001ec27af0000)

Polling page: 0x000001ec0fc30000

CodeCache: size=245760Kb used=1102Kb max_used=1113Kb free=244658Kb
 bounds [0x000001ec0fc80000, 0x000001ec0fef0000, 0x000001ec1ec80000]
 total_blobs=241 nmethods=19 adapters=144
 compilation: enabled

Compilation events (10 events):
Event: 0.053 Thread 0x000001ec298b7800   16       3       java.lang.StringBuilder::append (8 bytes)
Event: 0.053 Thread 0x000001ec298b7800 nmethod 16 0x000001ec0fd90ad0 code [0x000001ec0fd90c80, 0x000001ec0fd91220]
Event: 0.053 Thread 0x000001ec298b7800   17       3       java.io.WinNTFileSystem::isSlash (18 bytes)
Event: 0.053 Thread 0x000001ec298b7800 nmethod 17 0x000001ec0fd91550 code [0x000001ec0fd916a0, 0x000001ec0fd91898]
Event: 0.053 Thread 0x000001ec298b7800   19  s    3       java.lang.StringBuffer::append (13 bytes)
Event: 0.054 Thread 0x000001ec298b7800 nmethod 19 0x000001ec0fd91910 code [0x000001ec0fd91ac0, 0x000001ec0fd92200]
Event: 0.314 Thread 0x000001ec298b3800    4       4       java.lang.String::charAt (29 bytes)
Event: 0.314 Thread 0x000001ec298b3000    8       4       java.lang.String::length (6 bytes)
Event: 0.466 Thread 0x000001ec298b3000 nmethod 8 0x000001ec0fd93410 code [0x000001ec0fd93540, 0x000001ec0fd935b8]
Event: 0.576 Thread 0x000001ec298b3800 nmethod 4 0x000001ec0fd93110 code [0x000001ec0fd93260, 0x000001ec0fd93338]

GC Heap History (0 events):
No events

Deoptimization events (0 events):
No events

Classes redefined (0 events):
No events

Internal exceptions (4 events):
Event: 0.023 Thread 0x000001ec0e1e9800 Exception <a 'java/lang/NoSuchMethodError': Method sun.misc.Unsafe.defineClass(Ljava/lang/String;[BII)Ljava/lang/Class; name or signature does not match> (0x000000076c507cc0) thrown at [C:\jenkins\workspace\8-2-build-windows-amd64-cygwin\jdk8u311\1894\hot
Event: 0.023 Thread 0x000001ec0e1e9800 Exception <a 'java/lang/NoSuchMethodError': Method sun.misc.Unsafe.prefetchRead(Ljava/lang/Object;J)V name or signature does not match> (0x000000076c507fa8) thrown at [C:\jenkins\workspace\8-2-build-windows-amd64-cygwin\jdk8u311\1894\hotspot\src\share\vm\
Event: 0.054 Thread 0x000001ec0e1e9800 Exception <a 'java/lang/NoClassDefFoundError': GeeCo> (0x000000076c790530) thrown at [C:\jenkins\workspace\8-2-build-windows-amd64-cygwin\jdk8u311\1894\hotspot\src\share\vm\classfile\systemDictionary.cpp, line 201]
Event: 0.054 Thread 0x000001ec0e1e9800 Exception <a 'java/lang/NoClassDefFoundError': Test> (0x000000076c7911b0) thrown at [C:\jenkins\workspace\8-2-build-windows-amd64-cygwin\jdk8u311\1894\hotspot\src\share\vm\classfile\systemDictionary.cpp, line 201]

Events (10 events):
Event: 0.052 loading class sun/nio/cs/ThreadLocalCoders$2
Event: 0.052 loading class sun/nio/cs/ThreadLocalCoders$2 done
Event: 0.052 loading class sun/nio/cs/UTF_8$Decoder
Event: 0.052 loading class sun/nio/cs/UTF_8$Decoder done
Event: 0.053 loading class sun/misc/URLClassPath$FileLoader
Event: 0.053 loading class sun/misc/URLClassPath$FileLoader done
Event: 0.054 loading class Test
Event: 0.054 loading class Test done
Event: 0.054 Thread 0x000001ec0e1e9800 Thread exited: 0x000001ec0e1e9800
Event: 0.054 Thread 0x000001ec0e1e9800 Thread added: 0x000001ec0e1e9800


Dynamic libraries:
0x00007ff6abfa0000 - 0x00007ff6ac0ff000 	D:\cwasm\executorlib\target\debug\executor.exe
0x00007ffdfe1e0000 - 0x00007ffdfe3d0000 	C:\Windows\SYSTEM32\ntdll.dll
0x00007ffdfdf80000 - 0x00007ffdfe032000 	C:\Windows\System32\KERNEL32.DLL
0x00007ffdfbe00000 - 0x00007ffdfc0a4000 	C:\Windows\System32\KERNELBASE.dll
0x00007ffdfbce0000 - 0x00007ffdfbdda000 	C:\Windows\System32\ucrtbase.dll
0x00007ffdd87d0000 - 0x00007ffdd87e7000 	C:\Windows\SYSTEM32\VCRUNTIME140.dll
0x00000000702e0000 - 0x0000000070b40000 	D:\Program Files\Java\jdk1.8.0_311\jre\bin\server\jvm.dll
0x00007ffdfc440000 - 0x00007ffdfc5d4000 	C:\Windows\System32\USER32.dll
0x00007ffdfbc10000 - 0x00007ffdfbc31000 	C:\Windows\System32\win32u.dll
0x00007ffdfc290000 - 0x00007ffdfc2b6000 	C:\Windows\System32\GDI32.dll
0x00007ffdfb9f0000 - 0x00007ffdfbb85000 	C:\Windows\System32\gdi32full.dll
0x00007ffdfbc40000 - 0x00007ffdfbcde000 	C:\Windows\System32\msvcp_win.dll
0x00007ffdfc2c0000 - 0x00007ffdfc363000 	C:\Windows\System32\ADVAPI32.dll
0x00007ffdfcd40000 - 0x00007ffdfcdde000 	C:\Windows\System32\msvcrt.dll
0x00007ffdfdab0000 - 0x00007ffdfdb47000 	C:\Windows\System32\sechost.dll
0x00007ffdfcb30000 - 0x00007ffdfcc50000 	C:\Windows\System32\RPCRT4.dll
0x00007ffdfdb50000 - 0x00007ffdfdb58000 	C:\Windows\System32\PSAPI.DLL
0x00007ffddcfe0000 - 0x00007ffddcfe9000 	C:\Windows\SYSTEM32\WSOCK32.dll
0x00007ffdee130000 - 0x00007ffdee154000 	C:\Windows\SYSTEM32\WINMM.dll
0x00007ffdef6f0000 - 0x00007ffdef6fa000 	C:\Windows\SYSTEM32\VERSION.dll
0x00007ffdfdf10000 - 0x00007ffdfdf7f000 	C:\Windows\System32\WS2_32.dll
0x00007ffdee100000 - 0x00007ffdee12d000 	C:\Windows\SYSTEM32\WINMMBASE.dll
0x00007ffdfb8f0000 - 0x00007ffdfb93a000 	C:\Windows\System32\cfgmgr32.dll
0x00007ffdfd9d0000 - 0x00007ffdfd9fe000 	C:\Windows\System32\IMM32.DLL
0x0000000068000000 - 0x000000006806c000 	C:\Windows\System32\QIPCAP64.dll
0x00007ffdfce40000 - 0x00007ffdfd526000 	C:\Windows\System32\SHELL32.dll
0x00007ffdfd530000 - 0x00007ffdfd5d9000 	C:\Windows\System32\shcore.dll
0x00007ffdfdbd0000 - 0x00007ffdfdf05000 	C:\Windows\System32\combase.dll
0x00007ffdfbb90000 - 0x00007ffdfbc10000 	C:\Windows\System32\bcryptPrimitives.dll
0x00007ffdfb170000 - 0x00007ffdfb8f0000 	C:\Windows\System32\windows.storage.dll
0x00007ffdfb100000 - 0x00007ffdfb123000 	C:\Windows\System32\profapi.dll
0x00007ffdfb0b0000 - 0x00007ffdfb0fa000 	C:\Windows\System32\powrprof.dll
0x00007ffdfb0a0000 - 0x00007ffdfb0b0000 	C:\Windows\System32\UMPDC.dll
0x00007ffdfccd0000 - 0x00007ffdfcd22000 	C:\Windows\System32\shlwapi.dll
0x00007ffdfb150000 - 0x00007ffdfb161000 	C:\Windows\System32\kernel.appcore.dll
0x00007ffdfbde0000 - 0x00007ffdfbdf7000 	C:\Windows\System32\cryptsp.dll
0x00007ffdfa660000 - 0x00007ffdfa72b000 	C:\Windows\SYSTEM32\DNSAPI.dll
0x00007ffdfcd30000 - 0x00007ffdfcd38000 	C:\Windows\System32\NSI.dll
0x00007ffdfa620000 - 0x00007ffdfa65a000 	C:\Windows\SYSTEM32\IPHLPAPI.DLL
0x00007ffdb6d60000 - 0x00007ffdb6d70000 	D:\Program Files\Java\jdk1.8.0_311\jre\bin\verify.dll
0x00007ffdabc00000 - 0x00007ffdabc2b000 	D:\Program Files\Java\jdk1.8.0_311\jre\bin\java.dll
0x00007ffdb4090000 - 0x00007ffdb40a8000 	D:\Program Files\Java\jdk1.8.0_311\jre\bin\zip.dll
0x00007ffdf9740000 - 0x00007ffdf9934000 	C:\Windows\SYSTEM32\dbghelp.dll

VM Arguments:
jvm_args: -Xcheck:jni 
java_command: <unknown>
java_class_path (initial): <not set>
Launcher Type: generic

Environment Variables:
JAVA_HOME=D:\Program Files\Java\jdk1.8.0_311
CLASSPATH=.;D:\Program Files\Java\jdk1.8.0_311\lib\dt.jar;D:\Program Files\Java\jdk1.8.0_311\lib\tools.jar
PATH=D:\cwasm\executorlib\target\debug\build\psm-3b6a396eb6f018c9\out;D:\cwasm\executorlib\target\debug\build\rust-crypto-66cb9f94f2fd9051\out;D:\cwasm\executorlib\target\debug\build\secp256k1-b4a7bf94d31546d1\out;D:\cwasm\executorlib\target\debug\build\wasmtime-fiber-b8b0d1598c7014b7\out;D:\cwasm\executorlib\target\debug\build\wasmtime-runtime-c8948ba7edc9c495\out;D:\cwasm\executorlib\target\debug\build\wepoll-ffi-bc2a362b43ea4192\out;D:\cwasm\executorlib\target\debug\build\zstd-sys-6ad84eb406675ac5\out;D:\cwasm\executorlib\target\debug\deps;D:\cwasm\executorlib\target\debug;C:\Users\qiang.xu9\.rustup\toolchains\stable-x86_64-pc-windows-msvc\lib\rustlib\x86_64-pc-windows-msvc\lib;C:\Users\qiang.xu9\.cargo\bin;C:\Users\qiang.xu9\.rustup\toolchains\stable-x86_64-pc-windows-msvc\bin;C:\Program Files (x86)\Common Files\Oracle\Java\javapath;C:\Windows\system32;C:\Windows;C:\Windows\System32\Wbem;C:\Windows\System32\WindowsPowerShell\v1.0\;C:\Windows\System32\OpenSSH\;D:\thinkpad\wabt\bin;C:\Program Files\dotnet\;D:\thinkpad\wabt\bin;C:\Users\qiang.xu9\AppData\Local\Programs\Git\usr\bin;C:\Program Files (x86)\NetSarang\Xshell 7\;D:\Program Files\Java\jdk1.8.0_311\bin;D:\Program Files\Java\jdk1.8.0_311\jre\bin;D:\Program Files\Java\jdk1.8.0_311\lib;D:\Program Files\Java\jdk1.8.0_311\lib\tools.jar;D:\Program Files\Java\jdk1.8.0_311\jre\bin\server;C:\Users\qiang.xu9\.cargo\bin;C:\Users\qiang.xu9\AppData\Local\Microsoft\WindowsApps;C:\Users\qiang.xu9\AppData\Local\Programs\Git\cmd;C:\Users\qiang.xu9\AppData\Local\Programs\Microsoft VS Code\bin
USERNAME=Qiang.Xu9
LD_LIBRARY_PATH=C:\Users\qiang.xu9\.rustup\toolchains\stable-x86_64-pc-windows-msvc\lib
OS=Windows_NT
PROCESSOR_IDENTIFIER=Intel64 Family 6 Model 140 Stepping 1, GenuineIntel



---------------  S Y S T E M  ---------------

OS: Windows 10.0 , 64 bit Build 18362 (10.0.18362.900)

CPU:total 8 (initial active 8) (4 cores per cpu, 2 threads per core) family 6 model 140 stepping 1, cmov, cx8, fxsr, mmx, sse, sse2, sse3, ssse3, sse4.1, sse4.2, popcnt, avx, avx2, aes, clmul, erms, 3dnowpref, lzcnt, ht, tsc, tscinvbit, bmi1, bmi2, adx

Memory: 4k page, physical 16449756k(3500596k free), swap 28308092k(3277616k free)

vm_info: Java HotSpot(TM) 64-Bit Server VM (25.311-b11) for windows-amd64 JRE (1.8.0_311-b11), built on Sep 27 2021 05:15:14 by "java_re" with MS VC++ 15.9 (VS2017)

time: Mon Mar 28 15:29:22 2022
timezone: ?D1¨²¡À¨º¡Á?¨º¡À??
elapsed time: 0.729338 seconds (0d 0h 0m 0s)

